[1.495s] Invoking command in '/home/phongdang/ros2_example/src/my_py_pkg': PYTHONPATH=/home/phongdang/ros2_example/src/build/my_py_pkg/prefix_override:/home/phongdang/ros2_example/src/install/my_py_pkg/lib/python3.10/site-packages:${PYTHONPATH} /usr/bin/python3 setup.py egg_info --egg-base ../build/my_py_pkg build --build-base /home/phongdang/ros2_example/src/build/my_py_pkg/build install --record /home/phongdang/ros2_example/src/build/my_py_pkg/install.log --single-version-externally-managed
[1.906s] running egg_info
[1.907s] creating ../build/my_py_pkg/my_py_pkg.egg-info
[1.907s] writing ../build/my_py_pkg/my_py_pkg.egg-info/PKG-INFO
[1.907s] writing dependency_links to ../build/my_py_pkg/my_py_pkg.egg-info/dependency_links.txt
[1.908s] writing entry points to ../build/my_py_pkg/my_py_pkg.egg-info/entry_points.txt
[1.908s] writing requirements to ../build/my_py_pkg/my_py_pkg.egg-info/requires.txt
[1.908s] writing top-level names to ../build/my_py_pkg/my_py_pkg.egg-info/top_level.txt
[1.908s] writing manifest file '../build/my_py_pkg/my_py_pkg.egg-info/SOURCES.txt'
[1.911s] reading manifest file '../build/my_py_pkg/my_py_pkg.egg-info/SOURCES.txt'
[1.912s] writing manifest file '../build/my_py_pkg/my_py_pkg.egg-info/SOURCES.txt'
[1.912s] running build
[1.912s] running build_py
[1.913s] creating /home/phongdang/ros2_example/src/build/my_py_pkg/build
[1.913s] creating /home/phongdang/ros2_example/src/build/my_py_pkg/build/lib
[1.913s] creating /home/phongdang/ros2_example/src/build/my_py_pkg/build/lib/my_py_pkg
[1.913s] copying my_py_pkg/__init__.py -> /home/phongdang/ros2_example/src/build/my_py_pkg/build/lib/my_py_pkg
[1.913s] running install
[1.913s] running install_lib
[1.914s] creating /home/phongdang/ros2_example/src/install/my_py_pkg/lib/python3.10/site-packages/my_py_pkg
[1.914s] copying /home/phongdang/ros2_example/src/build/my_py_pkg/build/lib/my_py_pkg/__init__.py -> /home/phongdang/ros2_example/src/install/my_py_pkg/lib/python3.10/site-packages/my_py_pkg
[1.915s] byte-compiling /home/phongdang/ros2_example/src/install/my_py_pkg/lib/python3.10/site-packages/my_py_pkg/__init__.py to __init__.cpython-310.pyc
[1.915s] running install_data
[1.916s] creating /home/phongdang/ros2_example/src/install/my_py_pkg/share/ament_index
[1.916s] creating /home/phongdang/ros2_example/src/install/my_py_pkg/share/ament_index/resource_index
[1.917s] creating /home/phongdang/ros2_example/src/install/my_py_pkg/share/ament_index/resource_index/packages
[1.917s] copying resource/my_py_pkg -> /home/phongdang/ros2_example/src/install/my_py_pkg/share/ament_index/resource_index/packages
[1.917s] copying package.xml -> /home/phongdang/ros2_example/src/install/my_py_pkg/share/my_py_pkg
[1.917s] running install_egg_info
[1.921s] Copying ../build/my_py_pkg/my_py_pkg.egg-info to /home/phongdang/ros2_example/src/install/my_py_pkg/lib/python3.10/site-packages/my_py_pkg-0.0.0-py3.10.egg-info
[1.922s] running install_scripts
[1.960s] writing list of installed files to '/home/phongdang/ros2_example/src/build/my_py_pkg/install.log'
[2.007s] Invoked command in '/home/phongdang/ros2_example/src/my_py_pkg' returned '0': PYTHONPATH=/home/phongdang/ros2_example/src/build/my_py_pkg/prefix_override:/home/phongdang/ros2_example/src/install/my_py_pkg/lib/python3.10/site-packages:${PYTHONPATH} /usr/bin/python3 setup.py egg_info --egg-base ../build/my_py_pkg build --build-base /home/phongdang/ros2_example/src/build/my_py_pkg/build install --record /home/phongdang/ros2_example/src/build/my_py_pkg/install.log --single-version-externally-managed
