[1.220s] Invoking command in '/home/phongdang/ros2_example/src/my_py_pkg': PYTHONPATH=/home/phongdang/ros2_example/build/my_py_pkg/prefix_override:/home/phongdang/ros2_example/install/my_py_pkg/lib/python3.10/site-packages:${PYTHONPATH} /usr/bin/python3 setup.py egg_info --egg-base ../../build/my_py_pkg build --build-base /home/phongdang/ros2_example/build/my_py_pkg/build install --record /home/phongdang/ros2_example/build/my_py_pkg/install.log --single-version-externally-managed
[1.610s] running egg_info
[1.611s] writing ../../build/my_py_pkg/my_py_pkg.egg-info/PKG-INFO
[1.611s] writing dependency_links to ../../build/my_py_pkg/my_py_pkg.egg-info/dependency_links.txt
[1.612s] writing entry points to ../../build/my_py_pkg/my_py_pkg.egg-info/entry_points.txt
[1.613s] writing requirements to ../../build/my_py_pkg/my_py_pkg.egg-info/requires.txt
[1.613s] writing top-level names to ../../build/my_py_pkg/my_py_pkg.egg-info/top_level.txt
[1.616s] reading manifest file '../../build/my_py_pkg/my_py_pkg.egg-info/SOURCES.txt'
[1.618s] writing manifest file '../../build/my_py_pkg/my_py_pkg.egg-info/SOURCES.txt'
[1.619s] running build
[1.619s] running build_py
[1.620s] running install
[1.621s] running install_lib
[1.623s] running install_data
[1.624s] running install_egg_info
[1.626s] removing '/home/phongdang/ros2_example/install/my_py_pkg/lib/python3.10/site-packages/my_py_pkg-0.0.0-py3.10.egg-info' (and everything under it)
[1.627s] Copying ../../build/my_py_pkg/my_py_pkg.egg-info to /home/phongdang/ros2_example/install/my_py_pkg/lib/python3.10/site-packages/my_py_pkg-0.0.0-py3.10.egg-info
[1.630s] running install_scripts
[1.664s] writing list of installed files to '/home/phongdang/ros2_example/build/my_py_pkg/install.log'
[1.712s] Invoked command in '/home/phongdang/ros2_example/src/my_py_pkg' returned '0': PYTHONPATH=/home/phongdang/ros2_example/build/my_py_pkg/prefix_override:/home/phongdang/ros2_example/install/my_py_pkg/lib/python3.10/site-packages:${PYTHONPATH} /usr/bin/python3 setup.py egg_info --egg-base ../../build/my_py_pkg build --build-base /home/phongdang/ros2_example/build/my_py_pkg/build install --record /home/phongdang/ros2_example/build/my_py_pkg/install.log --single-version-externally-managed
