[0.117s] Invoking command in '/home/phongdang/ros2_example/build/my_cpp_pkg': CMAKE_PREFIX_PATH=/home/phongdang/ros2_example/install/my_py_pkg:/opt/ros/humble /usr/bin/cmake --build /home/phongdang/ros2_example/build/my_cpp_pkg -- -j4 -l4
[0.205s] Invoked command in '/home/phongdang/ros2_example/build/my_cpp_pkg' returned '0': CMAKE_PREFIX_PATH=/home/phongdang/ros2_example/install/my_py_pkg:/opt/ros/humble /usr/bin/cmake --build /home/phongdang/ros2_example/build/my_cpp_pkg -- -j4 -l4
[0.272s] Invoking command in '/home/phongdang/ros2_example/build/my_cpp_pkg': CMAKE_PREFIX_PATH=/home/phongdang/ros2_example/install/my_py_pkg:/opt/ros/humble /usr/bin/cmake --install /home/phongdang/ros2_example/build/my_cpp_pkg
[0.288s] -- Install configuration: ""
[0.289s] -- Up-to-date: /home/phongdang/ros2_example/install/my_cpp_pkg/share/ament_index/resource_index/package_run_dependencies/my_cpp_pkg
[0.290s] -- Up-to-date: /home/phongdang/ros2_example/install/my_cpp_pkg/share/ament_index/resource_index/parent_prefix_path/my_cpp_pkg
[0.290s] -- Up-to-date: /home/phongdang/ros2_example/install/my_cpp_pkg/share/my_cpp_pkg/environment/ament_prefix_path.sh
[0.290s] -- Up-to-date: /home/phongdang/ros2_example/install/my_cpp_pkg/share/my_cpp_pkg/environment/ament_prefix_path.dsv
[0.290s] -- Up-to-date: /home/phongdang/ros2_example/install/my_cpp_pkg/share/my_cpp_pkg/environment/path.sh
[0.290s] -- Up-to-date: /home/phongdang/ros2_example/install/my_cpp_pkg/share/my_cpp_pkg/environment/path.dsv
[0.290s] -- Up-to-date: /home/phongdang/ros2_example/install/my_cpp_pkg/share/my_cpp_pkg/local_setup.bash
[0.290s] -- Up-to-date: /home/phongdang/ros2_example/install/my_cpp_pkg/share/my_cpp_pkg/local_setup.sh
[0.291s] -- Up-to-date: /home/phongdang/ros2_example/install/my_cpp_pkg/share/my_cpp_pkg/local_setup.zsh
[0.291s] -- Up-to-date: /home/phongdang/ros2_example/install/my_cpp_pkg/share/my_cpp_pkg/local_setup.dsv
[0.291s] -- Up-to-date: /home/phongdang/ros2_example/install/my_cpp_pkg/share/my_cpp_pkg/package.dsv
[0.291s] -- Up-to-date: /home/phongdang/ros2_example/install/my_cpp_pkg/share/ament_index/resource_index/packages/my_cpp_pkg
[0.291s] -- Up-to-date: /home/phongdang/ros2_example/install/my_cpp_pkg/share/my_cpp_pkg/cmake/my_cpp_pkgConfig.cmake
[0.291s] -- Up-to-date: /home/phongdang/ros2_example/install/my_cpp_pkg/share/my_cpp_pkg/cmake/my_cpp_pkgConfig-version.cmake
[0.291s] -- Up-to-date: /home/phongdang/ros2_example/install/my_cpp_pkg/share/my_cpp_pkg/package.xml
[0.294s] Invoked command in '/home/phongdang/ros2_example/build/my_cpp_pkg' returned '0': CMAKE_PREFIX_PATH=/home/phongdang/ros2_example/install/my_py_pkg:/opt/ros/humble /usr/bin/cmake --install /home/phongdang/ros2_example/build/my_cpp_pkg
