[0.101s] Invoking command in '/home/phongdang/ros2_example/build/my_cpp_pkg': CMAKE_PREFIX_PATH=/home/phongdang/ros2_example/install/my_py_pkg:/opt/ros/humble /usr/bin/cmake /home/phongdang/ros2_example/src/my_cpp_pkg -DCMAKE_INSTALL_PREFIX=/home/phongdang/ros2_example/install/my_cpp_pkg
[0.356s] -- The C compiler identification is GNU 11.4.0
[0.594s] -- The CXX compiler identification is GNU 11.4.0
[0.621s] -- Detecting C compiler ABI info
[0.753s] -- Detecting C compiler ABI info - done
[0.762s] -- Check for working C compiler: /usr/bin/cc - skipped
[0.763s] -- Detecting C compile features
[0.765s] -- Detecting C compile features - done
[0.771s] -- Detecting CXX compiler ABI info
[0.909s] -- Detecting CXX compiler ABI info - done
[0.919s] -- Check for working CXX compiler: /usr/bin/c++ - skipped
[0.919s] -- Detecting CXX compile features
[0.920s] -- Detecting CXX compile features - done
[0.942s] -- Found ament_cmake: 1.3.8 (/opt/ros/humble/share/ament_cmake/cmake)
[1.205s] -- Found Python3: /usr/bin/python3 (found version "3.10.12") found components: Interpreter 
[1.409s] -- Found rclcpp: 16.0.8 (/opt/ros/humble/share/rclcpp/cmake)
[1.553s] -- Found rosidl_generator_c: 3.1.5 (/opt/ros/humble/share/rosidl_generator_c/cmake)
[1.569s] -- Found rosidl_adapter: 3.1.5 (/opt/ros/humble/share/rosidl_adapter/cmake)
[1.599s] -- Found rosidl_generator_cpp: 3.1.5 (/opt/ros/humble/share/rosidl_generator_cpp/cmake)
[1.647s] -- Using all available rosidl_typesupport_c: rosidl_typesupport_fastrtps_c;rosidl_typesupport_introspection_c
[1.703s] -- Using all available rosidl_typesupport_cpp: rosidl_typesupport_fastrtps_cpp;rosidl_typesupport_introspection_cpp
[1.866s] -- Found rmw_implementation_cmake: 6.1.1 (/opt/ros/humble/share/rmw_implementation_cmake/cmake)
[1.875s] -- Found rmw_fastrtps_cpp: 6.2.6 (/opt/ros/humble/share/rmw_fastrtps_cpp/cmake)
[2.087s] -- Found OpenSSL: /usr/lib/x86_64-linux-gnu/libcrypto.so (found version "3.0.2")  
[2.127s] -- Found FastRTPS: /opt/ros/humble/include  
[2.198s] -- Using RMW implementation 'rmw_fastrtps_cpp' as default
[2.224s] -- Looking for pthread.h
[2.381s] -- Looking for pthread.h - found
[2.382s] -- Performing Test CMAKE_HAVE_LIBC_PTHREAD
[2.509s] -- Performing Test CMAKE_HAVE_LIBC_PTHREAD - Success
[2.510s] -- Found Threads: TRUE  
[2.834s] -- Found ament_lint_auto: 0.12.10 (/opt/ros/humble/share/ament_lint_auto/cmake)
[2.988s] -- Added test 'cppcheck' to perform static code analysis on C / C++ code
[2.988s] -- Configured cppcheck include dirs: 
[2.988s] -- Configured cppcheck exclude dirs and/or files: 
[2.990s] -- Added test 'lint_cmake' to check CMake code style
[2.994s] -- Added test 'uncrustify' to check C / C++ code style
[2.994s] -- Configured uncrustify additional arguments: 
[2.996s] -- Added test 'xmllint' to check XML markup files
[2.999s] -- Configuring done
[3.006s] -- Generating done
[3.008s] -- Build files have been written to: /home/phongdang/ros2_example/build/my_cpp_pkg
[3.023s] Invoked command in '/home/phongdang/ros2_example/build/my_cpp_pkg' returned '0': CMAKE_PREFIX_PATH=/home/phongdang/ros2_example/install/my_py_pkg:/opt/ros/humble /usr/bin/cmake /home/phongdang/ros2_example/src/my_cpp_pkg -DCMAKE_INSTALL_PREFIX=/home/phongdang/ros2_example/install/my_cpp_pkg
[3.027s] Invoking command in '/home/phongdang/ros2_example/build/my_cpp_pkg': CMAKE_PREFIX_PATH=/home/phongdang/ros2_example/install/my_py_pkg:/opt/ros/humble /usr/bin/cmake --build /home/phongdang/ros2_example/build/my_cpp_pkg -- -j4 -l4
[3.099s] Invoked command in '/home/phongdang/ros2_example/build/my_cpp_pkg' returned '0': CMAKE_PREFIX_PATH=/home/phongdang/ros2_example/install/my_py_pkg:/opt/ros/humble /usr/bin/cmake --build /home/phongdang/ros2_example/build/my_cpp_pkg -- -j4 -l4
[3.194s] Invoking command in '/home/phongdang/ros2_example/build/my_cpp_pkg': CMAKE_PREFIX_PATH=/home/phongdang/ros2_example/install/my_py_pkg:/opt/ros/humble /usr/bin/cmake --install /home/phongdang/ros2_example/build/my_cpp_pkg
[3.209s] -- Install configuration: ""
[3.210s] -- Installing: /home/phongdang/ros2_example/install/my_cpp_pkg/share/ament_index/resource_index/package_run_dependencies/my_cpp_pkg
[3.211s] -- Installing: /home/phongdang/ros2_example/install/my_cpp_pkg/share/ament_index/resource_index/parent_prefix_path/my_cpp_pkg
[3.212s] -- Installing: /home/phongdang/ros2_example/install/my_cpp_pkg/share/my_cpp_pkg/environment/ament_prefix_path.sh
[3.212s] -- Installing: /home/phongdang/ros2_example/install/my_cpp_pkg/share/my_cpp_pkg/environment/ament_prefix_path.dsv
[3.212s] -- Installing: /home/phongdang/ros2_example/install/my_cpp_pkg/share/my_cpp_pkg/environment/path.sh
[3.213s] -- Installing: /home/phongdang/ros2_example/install/my_cpp_pkg/share/my_cpp_pkg/environment/path.dsv
[3.213s] -- Installing: /home/phongdang/ros2_example/install/my_cpp_pkg/share/my_cpp_pkg/local_setup.bash
[3.213s] -- Installing: /home/phongdang/ros2_example/install/my_cpp_pkg/share/my_cpp_pkg/local_setup.sh
[3.214s] -- Installing: /home/phongdang/ros2_example/install/my_cpp_pkg/share/my_cpp_pkg/local_setup.zsh
[3.214s] -- Installing: /home/phongdang/ros2_example/install/my_cpp_pkg/share/my_cpp_pkg/local_setup.dsv
[3.214s] -- Installing: /home/phongdang/ros2_example/install/my_cpp_pkg/share/my_cpp_pkg/package.dsv
[3.214s] -- Installing: /home/phongdang/ros2_example/install/my_cpp_pkg/share/ament_index/resource_index/packages/my_cpp_pkg
[3.215s] -- Installing: /home/phongdang/ros2_example/install/my_cpp_pkg/share/my_cpp_pkg/cmake/my_cpp_pkgConfig.cmake
[3.215s] -- Installing: /home/phongdang/ros2_example/install/my_cpp_pkg/share/my_cpp_pkg/cmake/my_cpp_pkgConfig-version.cmake
[3.215s] -- Installing: /home/phongdang/ros2_example/install/my_cpp_pkg/share/my_cpp_pkg/package.xml
[3.219s] Invoked command in '/home/phongdang/ros2_example/build/my_cpp_pkg' returned '0': CMAKE_PREFIX_PATH=/home/phongdang/ros2_example/install/my_py_pkg:/opt/ros/humble /usr/bin/cmake --install /home/phongdang/ros2_example/build/my_cpp_pkg
