[1.178s] Invoking command in '/home/phongdang/ros2_example/src/my_py_pkg': PYTHONPATH=/home/phongdang/ros2_example/build/my_py_pkg/prefix_override:/home/phongdang/ros2_example/install/my_py_pkg/lib/python3.10/site-packages:${PYTHONPATH} /usr/bin/python3 setup.py egg_info --egg-base ../../build/my_py_pkg build --build-base /home/phongdang/ros2_example/build/my_py_pkg/build install --record /home/phongdang/ros2_example/build/my_py_pkg/install.log --single-version-externally-managed
[1.559s] running egg_info
[1.562s] writing ../../build/my_py_pkg/my_py_pkg.egg-info/PKG-INFO
[1.562s] writing dependency_links to ../../build/my_py_pkg/my_py_pkg.egg-info/dependency_links.txt
[1.562s] writing entry points to ../../build/my_py_pkg/my_py_pkg.egg-info/entry_points.txt
[1.563s] writing requirements to ../../build/my_py_pkg/my_py_pkg.egg-info/requires.txt
[1.563s] writing top-level names to ../../build/my_py_pkg/my_py_pkg.egg-info/top_level.txt
[1.568s] reading manifest file '../../build/my_py_pkg/my_py_pkg.egg-info/SOURCES.txt'
[1.569s] writing manifest file '../../build/my_py_pkg/my_py_pkg.egg-info/SOURCES.txt'
[1.570s] running build
[1.570s] running build_py
[1.570s] copying my_py_pkg/my_first_node.py -> /home/phongdang/ros2_example/build/my_py_pkg/build/lib/my_py_pkg
[1.571s] running install
[1.571s] running install_lib
[1.572s] copying /home/phongdang/ros2_example/build/my_py_pkg/build/lib/my_py_pkg/my_first_node.py -> /home/phongdang/ros2_example/install/my_py_pkg/lib/python3.10/site-packages/my_py_pkg
[1.573s] byte-compiling /home/phongdang/ros2_example/install/my_py_pkg/lib/python3.10/site-packages/my_py_pkg/my_first_node.py to my_first_node.cpython-310.pyc
[1.574s] running install_data
[1.576s] running install_egg_info
[1.580s] removing '/home/phongdang/ros2_example/install/my_py_pkg/lib/python3.10/site-packages/my_py_pkg-0.0.0-py3.10.egg-info' (and everything under it)
[1.581s] Copying ../../build/my_py_pkg/my_py_pkg.egg-info to /home/phongdang/ros2_example/install/my_py_pkg/lib/python3.10/site-packages/my_py_pkg-0.0.0-py3.10.egg-info
[1.583s] running install_scripts
[1.614s] Installing py_node script to /home/phongdang/ros2_example/install/my_py_pkg/lib/my_py_pkg
[1.615s] writing list of installed files to '/home/phongdang/ros2_example/build/my_py_pkg/install.log'
[1.649s] Invoked command in '/home/phongdang/ros2_example/src/my_py_pkg' returned '0': PYTHONPATH=/home/phongdang/ros2_example/build/my_py_pkg/prefix_override:/home/phongdang/ros2_example/install/my_py_pkg/lib/python3.10/site-packages:${PYTHONPATH} /usr/bin/python3 setup.py egg_info --egg-base ../../build/my_py_pkg build --build-base /home/phongdang/ros2_example/build/my_py_pkg/build install --record /home/phongdang/ros2_example/build/my_py_pkg/install.log --single-version-externally-managed
