[1.566s] DEBUG:colcon:Command line arguments: ['/usr/bin/colcon', 'build', '--packages-select', 'my_cpp_pkg']
[1.566s] DEBUG:colcon:Parsed command line arguments: Namespace(log_base=None, log_level=None, verb_name='build', build_base='build', install_base='install', merge_install=False, symlink_install=False, test_result_base=None, continue_on_error=False, executor='parallel', parallel_workers=4, event_handlers=None, ignore_user_meta=False, metas=['./colcon.meta'], base_paths=['.'], packages_ignore=None, packages_ignore_regex=None, paths=None, packages_up_to=None, packages_up_to_regex=None, packages_above=None, packages_above_and_dependencies=None, packages_above_depth=None, packages_select_by_dep=None, packages_skip_by_dep=None, packages_skip_up_to=None, packages_select_build_failed=False, packages_skip_build_finished=False, packages_select_test_failures=False, packages_skip_test_passed=False, packages_select=['my_cpp_pkg'], packages_skip=None, packages_select_regex=None, packages_skip_regex=None, packages_start=None, packages_end=None, allow_overriding=[], cmake_args=None, cmake_target=None, cmake_target_skip_unavailable=False, cmake_clean_cache=False, cmake_clean_first=False, cmake_force_configure=False, ament_cmake_args=None, catkin_cmake_args=None, catkin_skip_building_tests=False, verb_parser=<colcon_defaults.argument_parser.defaults.DefaultArgumentsDecorator object at 0x7fb21a5e8c10>, verb_extension=<colcon_core.verb.build.BuildVerb object at 0x7fb21a5ceef0>, main=<bound method BuildVerb.main of <colcon_core.verb.build.BuildVerb object at 0x7fb21a5ceef0>>)
[1.633s] Level 1:colcon.colcon_core.package_discovery:discover_packages(colcon_meta) check parameters
[1.633s] Level 1:colcon.colcon_core.package_discovery:discover_packages(recursive) check parameters
[1.633s] Level 1:colcon.colcon_core.package_discovery:discover_packages(ignore) check parameters
[1.633s] Level 1:colcon.colcon_core.package_discovery:discover_packages(path) check parameters
[1.633s] Level 1:colcon.colcon_core.package_discovery:discover_packages(colcon_meta) discover
[1.633s] Level 1:colcon.colcon_core.package_discovery:discover_packages(recursive) discover
[1.634s] INFO:colcon.colcon_core.package_discovery:Crawling recursively for packages in '/home/phongdang/ros2_example'
[1.634s] Level 1:colcon.colcon_core.package_identification:_identify(.) by extensions ['ignore', 'ignore_ament_install']
[1.634s] Level 1:colcon.colcon_core.package_identification:_identify(.) by extension 'ignore'
[1.634s] Level 1:colcon.colcon_core.package_identification:_identify(.) by extension 'ignore_ament_install'
[1.634s] Level 1:colcon.colcon_core.package_identification:_identify(.) by extensions ['colcon_pkg']
[1.634s] Level 1:colcon.colcon_core.package_identification:_identify(.) by extension 'colcon_pkg'
[1.634s] Level 1:colcon.colcon_core.package_identification:_identify(.) by extensions ['colcon_meta']
[1.634s] Level 1:colcon.colcon_core.package_identification:_identify(.) by extension 'colcon_meta'
[1.634s] Level 1:colcon.colcon_core.package_identification:_identify(.) by extensions ['ros']
[1.635s] Level 1:colcon.colcon_core.package_identification:_identify(.) by extension 'ros'
[1.651s] Level 1:colcon.colcon_core.package_identification:_identify(.) by extensions ['cmake', 'python']
[1.651s] Level 1:colcon.colcon_core.package_identification:_identify(.) by extension 'cmake'
[1.651s] Level 1:colcon.colcon_core.package_identification:_identify(.) by extension 'python'
[1.651s] Level 1:colcon.colcon_core.package_identification:_identify(.) by extensions ['python_setup_py']
[1.651s] Level 1:colcon.colcon_core.package_identification:_identify(.) by extension 'python_setup_py'
[1.651s] Level 1:colcon.colcon_core.package_identification:_identify(build) by extensions ['ignore', 'ignore_ament_install']
[1.651s] Level 1:colcon.colcon_core.package_identification:_identify(build) by extension 'ignore'
[1.651s] Level 1:colcon.colcon_core.package_identification:_identify(build) ignored
[1.652s] Level 1:colcon.colcon_core.package_identification:_identify(install) by extensions ['ignore', 'ignore_ament_install']
[1.652s] Level 1:colcon.colcon_core.package_identification:_identify(install) by extension 'ignore'
[1.652s] Level 1:colcon.colcon_core.package_identification:_identify(install) ignored
[1.652s] Level 1:colcon.colcon_core.package_identification:_identify(log) by extensions ['ignore', 'ignore_ament_install']
[1.652s] Level 1:colcon.colcon_core.package_identification:_identify(log) by extension 'ignore'
[1.652s] Level 1:colcon.colcon_core.package_identification:_identify(log) ignored
[1.652s] Level 1:colcon.colcon_core.package_identification:_identify(src) by extensions ['ignore', 'ignore_ament_install']
[1.652s] Level 1:colcon.colcon_core.package_identification:_identify(src) by extension 'ignore'
[1.652s] Level 1:colcon.colcon_core.package_identification:_identify(src) by extension 'ignore_ament_install'
[1.652s] Level 1:colcon.colcon_core.package_identification:_identify(src) by extensions ['colcon_pkg']
[1.652s] Level 1:colcon.colcon_core.package_identification:_identify(src) by extension 'colcon_pkg'
[1.652s] Level 1:colcon.colcon_core.package_identification:_identify(src) by extensions ['colcon_meta']
[1.653s] Level 1:colcon.colcon_core.package_identification:_identify(src) by extension 'colcon_meta'
[1.653s] Level 1:colcon.colcon_core.package_identification:_identify(src) by extensions ['ros']
[1.653s] Level 1:colcon.colcon_core.package_identification:_identify(src) by extension 'ros'
[1.653s] Level 1:colcon.colcon_core.package_identification:_identify(src) by extensions ['cmake', 'python']
[1.653s] Level 1:colcon.colcon_core.package_identification:_identify(src) by extension 'cmake'
[1.653s] Level 1:colcon.colcon_core.package_identification:_identify(src) by extension 'python'
[1.653s] Level 1:colcon.colcon_core.package_identification:_identify(src) by extensions ['python_setup_py']
[1.653s] Level 1:colcon.colcon_core.package_identification:_identify(src) by extension 'python_setup_py'
[1.653s] Level 1:colcon.colcon_core.package_identification:_identify(src/build) by extensions ['ignore', 'ignore_ament_install']
[1.653s] Level 1:colcon.colcon_core.package_identification:_identify(src/build) by extension 'ignore'
[1.653s] Level 1:colcon.colcon_core.package_identification:_identify(src/build) ignored
[1.653s] Level 1:colcon.colcon_core.package_identification:_identify(src/install) by extensions ['ignore', 'ignore_ament_install']
[1.653s] Level 1:colcon.colcon_core.package_identification:_identify(src/install) by extension 'ignore'
[1.653s] Level 1:colcon.colcon_core.package_identification:_identify(src/install) ignored
[1.654s] Level 1:colcon.colcon_core.package_identification:_identify(src/log) by extensions ['ignore', 'ignore_ament_install']
[1.654s] Level 1:colcon.colcon_core.package_identification:_identify(src/log) by extension 'ignore'
[1.654s] Level 1:colcon.colcon_core.package_identification:_identify(src/log) ignored
[1.654s] Level 1:colcon.colcon_core.package_identification:_identify(src/my_cpp_pkg) by extensions ['ignore', 'ignore_ament_install']
[1.654s] Level 1:colcon.colcon_core.package_identification:_identify(src/my_cpp_pkg) by extension 'ignore'
[1.654s] Level 1:colcon.colcon_core.package_identification:_identify(src/my_cpp_pkg) by extension 'ignore_ament_install'
[1.654s] Level 1:colcon.colcon_core.package_identification:_identify(src/my_cpp_pkg) by extensions ['colcon_pkg']
[1.654s] Level 1:colcon.colcon_core.package_identification:_identify(src/my_cpp_pkg) by extension 'colcon_pkg'
[1.654s] Level 1:colcon.colcon_core.package_identification:_identify(src/my_cpp_pkg) by extensions ['colcon_meta']
[1.654s] Level 1:colcon.colcon_core.package_identification:_identify(src/my_cpp_pkg) by extension 'colcon_meta'
[1.654s] Level 1:colcon.colcon_core.package_identification:_identify(src/my_cpp_pkg) by extensions ['ros']
[1.654s] Level 1:colcon.colcon_core.package_identification:_identify(src/my_cpp_pkg) by extension 'ros'
[1.657s] DEBUG:colcon.colcon_core.package_identification:Package 'src/my_cpp_pkg' with type 'ros.ament_cmake' and name 'my_cpp_pkg'
[1.657s] Level 1:colcon.colcon_core.package_identification:_identify(src/my_py_pkg) by extensions ['ignore', 'ignore_ament_install']
[1.657s] Level 1:colcon.colcon_core.package_identification:_identify(src/my_py_pkg) by extension 'ignore'
[1.658s] Level 1:colcon.colcon_core.package_identification:_identify(src/my_py_pkg) by extension 'ignore_ament_install'
[1.658s] Level 1:colcon.colcon_core.package_identification:_identify(src/my_py_pkg) by extensions ['colcon_pkg']
[1.658s] Level 1:colcon.colcon_core.package_identification:_identify(src/my_py_pkg) by extension 'colcon_pkg'
[1.658s] Level 1:colcon.colcon_core.package_identification:_identify(src/my_py_pkg) by extensions ['colcon_meta']
[1.658s] Level 1:colcon.colcon_core.package_identification:_identify(src/my_py_pkg) by extension 'colcon_meta'
[1.658s] Level 1:colcon.colcon_core.package_identification:_identify(src/my_py_pkg) by extensions ['ros']
[1.658s] Level 1:colcon.colcon_core.package_identification:_identify(src/my_py_pkg) by extension 'ros'
[1.658s] DEBUG:colcon.colcon_core.package_identification:Package 'src/my_py_pkg' with type 'ros.ament_python' and name 'my_py_pkg'
[1.658s] Level 1:colcon.colcon_core.package_discovery:discover_packages(recursive) using defaults
[1.659s] Level 1:colcon.colcon_core.package_discovery:discover_packages(ignore) discover
[1.659s] Level 1:colcon.colcon_core.package_discovery:discover_packages(ignore) using defaults
[1.659s] Level 1:colcon.colcon_core.package_discovery:discover_packages(path) discover
[1.659s] Level 1:colcon.colcon_core.package_discovery:discover_packages(path) using defaults
[1.750s] INFO:colcon.colcon_core.package_selection:Skipping not selected package 'my_py_pkg' in 'src/my_py_pkg'
[1.792s] Level 1:colcon.colcon_core.package_discovery:discover_packages(prefix_path) check parameters
[1.792s] Level 1:colcon.colcon_core.package_discovery:discover_packages(prefix_path) discover
[1.834s] DEBUG:colcon.colcon_installed_package_information.package_discovery:Found 2 installed packages in /home/phongdang/ros2_example/install
[1.855s] DEBUG:colcon.colcon_installed_package_information.package_discovery:Found 270 installed packages in /opt/ros/humble
[1.857s] Level 1:colcon.colcon_core.package_discovery:discover_packages(prefix_path) using defaults
[1.995s] Level 5:colcon.colcon_core.verb:set package 'my_cpp_pkg' build argument 'cmake_args' from command line to 'None'
[1.995s] Level 5:colcon.colcon_core.verb:set package 'my_cpp_pkg' build argument 'cmake_target' from command line to 'None'
[1.995s] Level 5:colcon.colcon_core.verb:set package 'my_cpp_pkg' build argument 'cmake_target_skip_unavailable' from command line to 'False'
[1.995s] Level 5:colcon.colcon_core.verb:set package 'my_cpp_pkg' build argument 'cmake_clean_cache' from command line to 'False'
[1.995s] Level 5:colcon.colcon_core.verb:set package 'my_cpp_pkg' build argument 'cmake_clean_first' from command line to 'False'
[1.995s] Level 5:colcon.colcon_core.verb:set package 'my_cpp_pkg' build argument 'cmake_force_configure' from command line to 'False'
[1.995s] Level 5:colcon.colcon_core.verb:set package 'my_cpp_pkg' build argument 'ament_cmake_args' from command line to 'None'
[1.995s] Level 5:colcon.colcon_core.verb:set package 'my_cpp_pkg' build argument 'catkin_cmake_args' from command line to 'None'
[1.995s] Level 5:colcon.colcon_core.verb:set package 'my_cpp_pkg' build argument 'catkin_skip_building_tests' from command line to 'False'
[1.995s] DEBUG:colcon.colcon_core.verb:Building package 'my_cpp_pkg' with the following arguments: {'ament_cmake_args': None, 'build_base': '/home/phongdang/ros2_example/build/my_cpp_pkg', 'catkin_cmake_args': None, 'catkin_skip_building_tests': False, 'cmake_args': None, 'cmake_clean_cache': False, 'cmake_clean_first': False, 'cmake_force_configure': False, 'cmake_target': None, 'cmake_target_skip_unavailable': False, 'install_base': '/home/phongdang/ros2_example/install/my_cpp_pkg', 'merge_install': False, 'path': '/home/phongdang/ros2_example/src/my_cpp_pkg', 'symlink_install': False, 'test_result_base': None}
[2.015s] INFO:colcon.colcon_core.executor:Executing jobs using 'parallel' executor
[2.036s] DEBUG:colcon.colcon_parallel_executor.executor.parallel:run_until_complete
[2.037s] INFO:colcon.colcon_ros.task.ament_cmake.build:Building ROS package in '/home/phongdang/ros2_example/src/my_cpp_pkg' with build type 'ament_cmake'
[2.037s] INFO:colcon.colcon_cmake.task.cmake.build:Building CMake package in '/home/phongdang/ros2_example/src/my_cpp_pkg'
[2.074s] INFO:colcon.colcon_core.plugin_system:Skipping extension 'colcon_core.shell.bat': Not used on non-Windows systems
[2.074s] INFO:colcon.colcon_core.shell:Skip shell extension 'powershell' for command environment: Not usable outside of PowerShell
[2.074s] DEBUG:colcon.colcon_core.shell:Skip shell extension 'dsv' for command environment
[2.162s] DEBUG:colcon.colcon_core.event_handler.log_command:Invoking command in '/home/phongdang/ros2_example/build/my_cpp_pkg': CMAKE_PREFIX_PATH=/home/phongdang/ros2_example/install/my_py_pkg:/opt/ros/humble /usr/bin/cmake --build /home/phongdang/ros2_example/build/my_cpp_pkg -- -j4 -l4
[7.253s] DEBUG:colcon.colcon_core.event_handler.log_command:Invoked command in '/home/phongdang/ros2_example/build/my_cpp_pkg' returned '0': CMAKE_PREFIX_PATH=/home/phongdang/ros2_example/install/my_py_pkg:/opt/ros/humble /usr/bin/cmake --build /home/phongdang/ros2_example/build/my_cpp_pkg -- -j4 -l4
[7.318s] DEBUG:colcon.colcon_core.event_handler.log_command:Invoking command in '/home/phongdang/ros2_example/build/my_cpp_pkg': CMAKE_PREFIX_PATH=/home/phongdang/ros2_example/install/my_py_pkg:/opt/ros/humble /usr/bin/cmake --install /home/phongdang/ros2_example/build/my_cpp_pkg
[7.347s] Level 1:colcon.colcon_core.environment:create_environment_scripts_only(my_cpp_pkg)
[7.349s] DEBUG:colcon.colcon_core.event_handler.log_command:Invoked command in '/home/phongdang/ros2_example/build/my_cpp_pkg' returned '0': CMAKE_PREFIX_PATH=/home/phongdang/ros2_example/install/my_py_pkg:/opt/ros/humble /usr/bin/cmake --install /home/phongdang/ros2_example/build/my_cpp_pkg
[7.371s] Level 1:colcon.colcon_core.environment:checking '/home/phongdang/ros2_example/install/my_cpp_pkg' for CMake module files
[7.372s] Level 1:colcon.colcon_core.environment:checking '/home/phongdang/ros2_example/install/my_cpp_pkg' for CMake config files
[7.373s] Level 1:colcon.colcon_core.shell:create_environment_hook('my_cpp_pkg', 'cmake_prefix_path')
[7.394s] INFO:colcon.colcon_core.shell:Creating environment hook '/home/phongdang/ros2_example/install/my_cpp_pkg/share/my_cpp_pkg/hook/cmake_prefix_path.ps1'
[7.395s] INFO:colcon.colcon_core.shell:Creating environment descriptor '/home/phongdang/ros2_example/install/my_cpp_pkg/share/my_cpp_pkg/hook/cmake_prefix_path.dsv'
[7.395s] INFO:colcon.colcon_core.shell:Creating environment hook '/home/phongdang/ros2_example/install/my_cpp_pkg/share/my_cpp_pkg/hook/cmake_prefix_path.sh'
[7.397s] Level 1:colcon.colcon_core.environment:checking '/home/phongdang/ros2_example/install/my_cpp_pkg/lib'
[7.397s] Level 1:colcon.colcon_core.environment:checking '/home/phongdang/ros2_example/install/my_cpp_pkg/bin'
[7.397s] Level 1:colcon.colcon_core.environment:checking '/home/phongdang/ros2_example/install/my_cpp_pkg/lib/pkgconfig/my_cpp_pkg.pc'
[7.397s] Level 1:colcon.colcon_core.environment:checking '/home/phongdang/ros2_example/install/my_cpp_pkg/lib/python3.10/site-packages'
[7.397s] Level 1:colcon.colcon_core.environment:checking '/home/phongdang/ros2_example/install/my_cpp_pkg/bin'
[7.417s] INFO:colcon.colcon_core.shell:Creating package script '/home/phongdang/ros2_example/install/my_cpp_pkg/share/my_cpp_pkg/package.ps1'
[7.419s] INFO:colcon.colcon_core.shell:Creating package descriptor '/home/phongdang/ros2_example/install/my_cpp_pkg/share/my_cpp_pkg/package.dsv'
[7.419s] INFO:colcon.colcon_core.shell:Creating package script '/home/phongdang/ros2_example/install/my_cpp_pkg/share/my_cpp_pkg/package.sh'
[7.421s] INFO:colcon.colcon_core.shell:Creating package script '/home/phongdang/ros2_example/install/my_cpp_pkg/share/my_cpp_pkg/package.bash'
[7.424s] INFO:colcon.colcon_core.shell:Creating package script '/home/phongdang/ros2_example/install/my_cpp_pkg/share/my_cpp_pkg/package.zsh'
[7.425s] Level 1:colcon.colcon_core.environment:create_file_with_runtime_dependencies(/home/phongdang/ros2_example/install/my_cpp_pkg/share/colcon-core/packages/my_cpp_pkg)
[7.512s] Level 1:colcon.colcon_core.environment:create_environment_scripts_only(my_cpp_pkg)
[7.533s] Level 1:colcon.colcon_core.environment:checking '/home/phongdang/ros2_example/install/my_cpp_pkg' for CMake module files
[7.534s] Level 1:colcon.colcon_core.environment:checking '/home/phongdang/ros2_example/install/my_cpp_pkg' for CMake config files
[7.534s] Level 1:colcon.colcon_core.shell:create_environment_hook('my_cpp_pkg', 'cmake_prefix_path')
[7.560s] INFO:colcon.colcon_core.shell:Creating environment hook '/home/phongdang/ros2_example/install/my_cpp_pkg/share/my_cpp_pkg/hook/cmake_prefix_path.ps1'
[7.562s] INFO:colcon.colcon_core.shell:Creating environment descriptor '/home/phongdang/ros2_example/install/my_cpp_pkg/share/my_cpp_pkg/hook/cmake_prefix_path.dsv'
[7.562s] INFO:colcon.colcon_core.shell:Creating environment hook '/home/phongdang/ros2_example/install/my_cpp_pkg/share/my_cpp_pkg/hook/cmake_prefix_path.sh'
[7.563s] Level 1:colcon.colcon_core.environment:checking '/home/phongdang/ros2_example/install/my_cpp_pkg/lib'
[7.563s] Level 1:colcon.colcon_core.environment:checking '/home/phongdang/ros2_example/install/my_cpp_pkg/bin'
[7.564s] Level 1:colcon.colcon_core.environment:checking '/home/phongdang/ros2_example/install/my_cpp_pkg/lib/pkgconfig/my_cpp_pkg.pc'
[7.564s] Level 1:colcon.colcon_core.environment:checking '/home/phongdang/ros2_example/install/my_cpp_pkg/lib/python3.10/site-packages'
[7.564s] Level 1:colcon.colcon_core.environment:checking '/home/phongdang/ros2_example/install/my_cpp_pkg/bin'
[7.592s] INFO:colcon.colcon_core.shell:Creating package script '/home/phongdang/ros2_example/install/my_cpp_pkg/share/my_cpp_pkg/package.ps1'
[7.594s] INFO:colcon.colcon_core.shell:Creating package descriptor '/home/phongdang/ros2_example/install/my_cpp_pkg/share/my_cpp_pkg/package.dsv'
[7.595s] INFO:colcon.colcon_core.shell:Creating package script '/home/phongdang/ros2_example/install/my_cpp_pkg/share/my_cpp_pkg/package.sh'
[7.596s] INFO:colcon.colcon_core.shell:Creating package script '/home/phongdang/ros2_example/install/my_cpp_pkg/share/my_cpp_pkg/package.bash'
[7.596s] INFO:colcon.colcon_core.shell:Creating package script '/home/phongdang/ros2_example/install/my_cpp_pkg/share/my_cpp_pkg/package.zsh'
[7.597s] Level 1:colcon.colcon_core.environment:create_file_with_runtime_dependencies(/home/phongdang/ros2_example/install/my_cpp_pkg/share/colcon-core/packages/my_cpp_pkg)
[7.598s] DEBUG:colcon.colcon_parallel_executor.executor.parallel:closing loop
[7.599s] DEBUG:colcon.colcon_parallel_executor.executor.parallel:loop closed
[7.600s] DEBUG:colcon.colcon_parallel_executor.executor.parallel:run_until_complete finished with '0'
[7.600s] DEBUG:colcon.colcon_core.event_reactor:joining thread
[7.639s] INFO:colcon.colcon_core.plugin_system:Skipping extension 'colcon_notification.desktop_notification.terminal_notifier': Not used on non-Darwin systems
[7.639s] INFO:colcon.colcon_core.plugin_system:Skipping extension 'colcon_notification.desktop_notification.win32': Not used on non-Windows systems
[7.639s] INFO:colcon.colcon_notification.desktop_notification:Sending desktop notification using 'notify2'
[7.660s] DEBUG:colcon.colcon_core.event_reactor:joined thread
[7.699s] INFO:colcon.colcon_core.shell:Creating prefix script '/home/phongdang/ros2_example/install/local_setup.ps1'
[7.702s] INFO:colcon.colcon_core.shell:Creating prefix util module '/home/phongdang/ros2_example/install/_local_setup_util_ps1.py'
[7.706s] INFO:colcon.colcon_core.shell:Creating prefix chain script '/home/phongdang/ros2_example/install/setup.ps1'
[7.734s] INFO:colcon.colcon_core.shell:Creating prefix script '/home/phongdang/ros2_example/install/local_setup.sh'
[7.737s] INFO:colcon.colcon_core.shell:Creating prefix util module '/home/phongdang/ros2_example/install/_local_setup_util_sh.py'
[7.739s] INFO:colcon.colcon_core.shell:Creating prefix chain script '/home/phongdang/ros2_example/install/setup.sh'
[7.770s] INFO:colcon.colcon_core.shell:Creating prefix script '/home/phongdang/ros2_example/install/local_setup.bash'
[7.772s] INFO:colcon.colcon_core.shell:Creating prefix chain script '/home/phongdang/ros2_example/install/setup.bash'
[7.811s] INFO:colcon.colcon_core.shell:Creating prefix script '/home/phongdang/ros2_example/install/local_setup.zsh'
[7.812s] INFO:colcon.colcon_core.shell:Creating prefix chain script '/home/phongdang/ros2_example/install/setup.zsh'
