[0.104s] Invoking command in '/home/phongdang/ros2_example/build/my_cpp_pkg': CMAKE_PREFIX_PATH=/home/phongdang/ros2_example/install/my_py_pkg:/opt/ros/humble /usr/bin/cmake --build /home/phongdang/ros2_example/build/my_cpp_pkg -- -j4 -l4
[0.182s] [35m[1mConsolidate compiler generated dependencies of target cpp_node[0m
[0.214s] [ 50%] [32mBuilding CXX object CMakeFiles/cpp_node.dir/src/my_first_node.cpp.o[0m
[4.579s] [100%] [32m[1mLinking CXX executable cpp_node[0m
[4.817s] [100%] Built target cpp_node
[4.836s] Invoked command in '/home/phongdang/ros2_example/build/my_cpp_pkg' returned '0': CMAKE_PREFIX_PATH=/home/phongdang/ros2_example/install/my_py_pkg:/opt/ros/humble /usr/bin/cmake --build /home/phongdang/ros2_example/build/my_cpp_pkg -- -j4 -l4
[4.905s] Invoking command in '/home/phongdang/ros2_example/build/my_cpp_pkg': CMAKE_PREFIX_PATH=/home/phongdang/ros2_example/install/my_py_pkg:/opt/ros/humble /usr/bin/cmake --install /home/phongdang/ros2_example/build/my_cpp_pkg
[4.918s] -- Install configuration: ""
[4.919s] -- Installing: /home/phongdang/ros2_example/install/my_cpp_pkg/lib/my_cpp_pkg/cpp_node
[4.920s] -- Set runtime path of "/home/phongdang/ros2_example/install/my_cpp_pkg/lib/my_cpp_pkg/cpp_node" to ""
[4.920s] -- Up-to-date: /home/phongdang/ros2_example/install/my_cpp_pkg/share/ament_index/resource_index/package_run_dependencies/my_cpp_pkg
[4.921s] -- Up-to-date: /home/phongdang/ros2_example/install/my_cpp_pkg/share/ament_index/resource_index/parent_prefix_path/my_cpp_pkg
[4.921s] -- Up-to-date: /home/phongdang/ros2_example/install/my_cpp_pkg/share/my_cpp_pkg/environment/ament_prefix_path.sh
[4.922s] -- Installing: /home/phongdang/ros2_example/install/my_cpp_pkg/share/my_cpp_pkg/environment/ament_prefix_path.dsv
[4.922s] -- Up-to-date: /home/phongdang/ros2_example/install/my_cpp_pkg/share/my_cpp_pkg/environment/path.sh
[4.922s] -- Installing: /home/phongdang/ros2_example/install/my_cpp_pkg/share/my_cpp_pkg/environment/path.dsv
[4.922s] -- Up-to-date: /home/phongdang/ros2_example/install/my_cpp_pkg/share/my_cpp_pkg/local_setup.bash
[4.922s] -- Up-to-date: /home/phongdang/ros2_example/install/my_cpp_pkg/share/my_cpp_pkg/local_setup.sh
[4.922s] -- Up-to-date: /home/phongdang/ros2_example/install/my_cpp_pkg/share/my_cpp_pkg/local_setup.zsh
[4.922s] -- Installing: /home/phongdang/ros2_example/install/my_cpp_pkg/share/my_cpp_pkg/local_setup.dsv
[4.922s] -- Installing: /home/phongdang/ros2_example/install/my_cpp_pkg/share/my_cpp_pkg/package.dsv
[4.923s] -- Up-to-date: /home/phongdang/ros2_example/install/my_cpp_pkg/share/ament_index/resource_index/packages/my_cpp_pkg
[4.923s] -- Up-to-date: /home/phongdang/ros2_example/install/my_cpp_pkg/share/my_cpp_pkg/cmake/my_cpp_pkgConfig.cmake
[4.923s] -- Up-to-date: /home/phongdang/ros2_example/install/my_cpp_pkg/share/my_cpp_pkg/cmake/my_cpp_pkgConfig-version.cmake
[4.923s] -- Up-to-date: /home/phongdang/ros2_example/install/my_cpp_pkg/share/my_cpp_pkg/package.xml
[4.925s] Invoked command in '/home/phongdang/ros2_example/build/my_cpp_pkg' returned '0': CMAKE_PREFIX_PATH=/home/phongdang/ros2_example/install/my_py_pkg:/opt/ros/humble /usr/bin/cmake --install /home/phongdang/ros2_example/build/my_cpp_pkg
