[0.296s] Invoking command in '/home/phongdang/ros2_example/src/build/my_cpp_pkg': CMAKE_PREFIX_PATH=/opt/ros/humble /usr/bin/cmake /home/phongdang/ros2_example/src/my_cpp_pkg -DCMAKE_INSTALL_PREFIX=/home/phongdang/ros2_example/src/install/my_cpp_pkg
[0.526s] -- The C compiler identification is GNU 11.4.0
[0.792s] -- The CXX compiler identification is GNU 11.4.0
[0.811s] -- Detecting C compiler ABI info
[0.987s] -- Detecting C compiler ABI info - done
[0.996s] -- Check for working C compiler: /usr/bin/cc - skipped
[0.996s] -- Detecting C compile features
[0.997s] -- Detecting C compile features - done
[1.001s] -- Detecting CXX compiler ABI info
[1.166s] -- Detecting CXX compiler ABI info - done
[1.176s] -- Check for working CXX compiler: /usr/bin/c++ - skipped
[1.177s] -- Detecting CXX compile features
[1.179s] -- Detecting CXX compile features - done
[1.184s] -- Found ament_cmake: 1.3.8 (/opt/ros/humble/share/ament_cmake/cmake)
[1.465s] -- Found Python3: /usr/bin/python3 (found version "3.10.12") found components: Interpreter 
[1.620s] -- Found rclcpp: 16.0.8 (/opt/ros/humble/share/rclcpp/cmake)
[1.689s] -- Found rosidl_generator_c: 3.1.5 (/opt/ros/humble/share/rosidl_generator_c/cmake)
[1.698s] -- Found rosidl_adapter: 3.1.5 (/opt/ros/humble/share/rosidl_adapter/cmake)
[1.711s] -- Found rosidl_generator_cpp: 3.1.5 (/opt/ros/humble/share/rosidl_generator_cpp/cmake)
[1.732s] -- Using all available rosidl_typesupport_c: rosidl_typesupport_fastrtps_c;rosidl_typesupport_introspection_c
[1.771s] -- Using all available rosidl_typesupport_cpp: rosidl_typesupport_fastrtps_cpp;rosidl_typesupport_introspection_cpp
[1.895s] -- Found rmw_implementation_cmake: 6.1.1 (/opt/ros/humble/share/rmw_implementation_cmake/cmake)
[1.900s] -- Found rmw_fastrtps_cpp: 6.2.6 (/opt/ros/humble/share/rmw_fastrtps_cpp/cmake)
[2.091s] -- Found OpenSSL: /usr/lib/x86_64-linux-gnu/libcrypto.so (found version "3.0.2")  
[2.138s] -- Found FastRTPS: /opt/ros/humble/include  
[2.219s] -- Using RMW implementation 'rmw_fastrtps_cpp' as default
[2.234s] -- Looking for pthread.h
[2.420s] -- Looking for pthread.h - found
[2.420s] -- Performing Test CMAKE_HAVE_LIBC_PTHREAD
[2.554s] -- Performing Test CMAKE_HAVE_LIBC_PTHREAD - Success
[2.556s] -- Found Threads: TRUE  
[2.819s] -- Found ament_lint_auto: 0.12.10 (/opt/ros/humble/share/ament_lint_auto/cmake)
[2.936s] -- Added test 'lint_cmake' to check CMake code style
[2.938s] -- Added test 'xmllint' to check XML markup files
[2.940s] -- Configuring done
[2.950s] -- Generating done
[2.952s] -- Build files have been written to: /home/phongdang/ros2_example/src/build/my_cpp_pkg
[2.970s] Invoked command in '/home/phongdang/ros2_example/src/build/my_cpp_pkg' returned '0': CMAKE_PREFIX_PATH=/opt/ros/humble /usr/bin/cmake /home/phongdang/ros2_example/src/my_cpp_pkg -DCMAKE_INSTALL_PREFIX=/home/phongdang/ros2_example/src/install/my_cpp_pkg
[2.974s] Invoking command in '/home/phongdang/ros2_example/src/build/my_cpp_pkg': CMAKE_PREFIX_PATH=/opt/ros/humble /usr/bin/cmake --build /home/phongdang/ros2_example/src/build/my_cpp_pkg -- -j4 -l4
[3.050s] Invoked command in '/home/phongdang/ros2_example/src/build/my_cpp_pkg' returned '0': CMAKE_PREFIX_PATH=/opt/ros/humble /usr/bin/cmake --build /home/phongdang/ros2_example/src/build/my_cpp_pkg -- -j4 -l4
[3.118s] Invoking command in '/home/phongdang/ros2_example/src/build/my_cpp_pkg': CMAKE_PREFIX_PATH=/opt/ros/humble /usr/bin/cmake --install /home/phongdang/ros2_example/src/build/my_cpp_pkg
[3.130s] -- Install configuration: ""
[3.131s] -- Installing: /home/phongdang/ros2_example/src/install/my_cpp_pkg/share/ament_index/resource_index/package_run_dependencies/my_cpp_pkg
[3.133s] -- Installing: /home/phongdang/ros2_example/src/install/my_cpp_pkg/share/ament_index/resource_index/parent_prefix_path/my_cpp_pkg
[3.135s] -- Installing: /home/phongdang/ros2_example/src/install/my_cpp_pkg/share/my_cpp_pkg/environment/ament_prefix_path.sh
[3.137s] -- Installing: /home/phongdang/ros2_example/src/install/my_cpp_pkg/share/my_cpp_pkg/environment/ament_prefix_path.dsv
[3.140s] -- Installing: /home/phongdang/ros2_example/src/install/my_cpp_pkg/share/my_cpp_pkg/environment/path.sh
[3.142s] -- Installing: /home/phongdang/ros2_example/src/install/my_cpp_pkg/share/my_cpp_pkg/environment/path.dsv
[3.145s] -- Installing: /home/phongdang/ros2_example/src/install/my_cpp_pkg/share/my_cpp_pkg/local_setup.bash
[3.147s] -- Installing: /home/phongdang/ros2_example/src/install/my_cpp_pkg/share/my_cpp_pkg/local_setup.sh
[3.149s] -- Installing: /home/phongdang/ros2_example/src/install/my_cpp_pkg/share/my_cpp_pkg/local_setup.zsh
[3.151s] -- Installing: /home/phongdang/ros2_example/src/install/my_cpp_pkg/share/my_cpp_pkg/local_setup.dsv
[3.152s] -- Installing: /home/phongdang/ros2_example/src/install/my_cpp_pkg/share/my_cpp_pkg/package.dsv
[3.153s] -- Installing: /home/phongdang/ros2_example/src/install/my_cpp_pkg/share/ament_index/resource_index/packages/my_cpp_pkg
[3.155s] -- Installing: /home/phongdang/ros2_example/src/install/my_cpp_pkg/share/my_cpp_pkg/cmake/my_cpp_pkgConfig.cmake
[3.156s] -- Installing: /home/phongdang/ros2_example/src/install/my_cpp_pkg/share/my_cpp_pkg/cmake/my_cpp_pkgConfig-version.cmake
[3.158s] -- Installing: /home/phongdang/ros2_example/src/install/my_cpp_pkg/share/my_cpp_pkg/package.xml
[3.164s] Invoked command in '/home/phongdang/ros2_example/src/build/my_cpp_pkg' returned '0': CMAKE_PREFIX_PATH=/opt/ros/humble /usr/bin/cmake --install /home/phongdang/ros2_example/src/build/my_cpp_pkg
