[1.079s] Invoking command in '/home/phongdang/ros2_example/src/my_py_pkg': PYTHONPATH=/home/phongdang/ros2_example/build/my_py_pkg/prefix_override:/home/phongdang/ros2_example/install/my_py_pkg/lib/python3.10/site-packages:${PYTHONPATH} /usr/bin/python3 setup.py egg_info --egg-base ../../build/my_py_pkg build --build-base /home/phongdang/ros2_example/build/my_py_pkg/build install --record /home/phongdang/ros2_example/build/my_py_pkg/install.log --single-version-externally-managed
[1.391s] running egg_info
[1.391s] creating ../../build/my_py_pkg/my_py_pkg.egg-info
[1.392s] writing ../../build/my_py_pkg/my_py_pkg.egg-info/PKG-INFO
[1.393s] writing dependency_links to ../../build/my_py_pkg/my_py_pkg.egg-info/dependency_links.txt
[1.393s] writing entry points to ../../build/my_py_pkg/my_py_pkg.egg-info/entry_points.txt
[1.394s] writing requirements to ../../build/my_py_pkg/my_py_pkg.egg-info/requires.txt
[1.394s] writing top-level names to ../../build/my_py_pkg/my_py_pkg.egg-info/top_level.txt
[1.394s] writing manifest file '../../build/my_py_pkg/my_py_pkg.egg-info/SOURCES.txt'
[1.396s] reading manifest file '../../build/my_py_pkg/my_py_pkg.egg-info/SOURCES.txt'
[1.397s] writing manifest file '../../build/my_py_pkg/my_py_pkg.egg-info/SOURCES.txt'
[1.397s] running build
[1.397s] running build_py
[1.399s] creating /home/phongdang/ros2_example/build/my_py_pkg/build
[1.399s] creating /home/phongdang/ros2_example/build/my_py_pkg/build/lib
[1.399s] creating /home/phongdang/ros2_example/build/my_py_pkg/build/lib/my_py_pkg
[1.399s] copying my_py_pkg/__init__.py -> /home/phongdang/ros2_example/build/my_py_pkg/build/lib/my_py_pkg
[1.400s] running install
[1.400s] /usr/lib/python3/dist-packages/setuptools/command/install.py:34: SetuptoolsDeprecationWarning: setup.py install is deprecated. Use build and pip and other standards-based tools.
[1.400s]   warnings.warn(
[1.401s] running install_lib
[1.402s] creating /home/phongdang/ros2_example/install/my_py_pkg/lib/python3.10/site-packages/my_py_pkg
[1.402s] copying /home/phongdang/ros2_example/build/my_py_pkg/build/lib/my_py_pkg/__init__.py -> /home/phongdang/ros2_example/install/my_py_pkg/lib/python3.10/site-packages/my_py_pkg
[1.403s] byte-compiling /home/phongdang/ros2_example/install/my_py_pkg/lib/python3.10/site-packages/my_py_pkg/__init__.py to __init__.cpython-310.pyc
[1.403s] running install_data
[1.403s] creating /home/phongdang/ros2_example/install/my_py_pkg/share/ament_index
[1.403s] creating /home/phongdang/ros2_example/install/my_py_pkg/share/ament_index/resource_index
[1.404s] creating /home/phongdang/ros2_example/install/my_py_pkg/share/ament_index/resource_index/packages
[1.404s] copying resource/my_py_pkg -> /home/phongdang/ros2_example/install/my_py_pkg/share/ament_index/resource_index/packages
[1.404s] copying package.xml -> /home/phongdang/ros2_example/install/my_py_pkg/share/my_py_pkg
[1.404s] running install_egg_info
[1.406s] Copying ../../build/my_py_pkg/my_py_pkg.egg-info to /home/phongdang/ros2_example/install/my_py_pkg/lib/python3.10/site-packages/my_py_pkg-0.0.0-py3.10.egg-info
[1.408s] running install_scripts
[1.433s] writing list of installed files to '/home/phongdang/ros2_example/build/my_py_pkg/install.log'
[1.471s] Invoked command in '/home/phongdang/ros2_example/src/my_py_pkg' returned '0': PYTHONPATH=/home/phongdang/ros2_example/build/my_py_pkg/prefix_override:/home/phongdang/ros2_example/install/my_py_pkg/lib/python3.10/site-packages:${PYTHONPATH} /usr/bin/python3 setup.py egg_info --egg-base ../../build/my_py_pkg build --build-base /home/phongdang/ros2_example/build/my_py_pkg/build install --record /home/phongdang/ros2_example/build/my_py_pkg/install.log --single-version-externally-managed
