[1.197s] Invoking command in '/home/phongdang/ros2_example/src/my_py_pkg': PYTHONPATH=/home/phongdang/ros2_example/build/my_py_pkg/prefix_override:/home/phongdang/ros2_example/install/my_py_pkg/lib/python3.10/site-packages:${PYTHONPATH} /usr/bin/python3 setup.py egg_info --egg-base ../../build/my_py_pkg build --build-base /home/phongdang/ros2_example/build/my_py_pkg/build install --record /home/phongdang/ros2_example/build/my_py_pkg/install.log --single-version-externally-managed
[1.587s] running egg_info
[1.587s] writing ../../build/my_py_pkg/my_py_pkg.egg-info/PKG-INFO
[1.588s] writing dependency_links to ../../build/my_py_pkg/my_py_pkg.egg-info/dependency_links.txt
[1.589s] writing entry points to ../../build/my_py_pkg/my_py_pkg.egg-info/entry_points.txt
[1.589s] writing requirements to ../../build/my_py_pkg/my_py_pkg.egg-info/requires.txt
[1.590s] writing top-level names to ../../build/my_py_pkg/my_py_pkg.egg-info/top_level.txt
[1.594s] reading manifest file '../../build/my_py_pkg/my_py_pkg.egg-info/SOURCES.txt'
[1.596s] writing manifest file '../../build/my_py_pkg/my_py_pkg.egg-info/SOURCES.txt'
[1.596s] running build
[1.596s] running build_py
[1.597s] running install
[1.597s] running install_lib
[1.599s] running install_data
[1.600s] running install_egg_info
[1.602s] removing '/home/phongdang/ros2_example/install/my_py_pkg/lib/python3.10/site-packages/my_py_pkg-0.0.0-py3.10.egg-info' (and everything under it)
[1.602s] Copying ../../build/my_py_pkg/my_py_pkg.egg-info to /home/phongdang/ros2_example/install/my_py_pkg/lib/python3.10/site-packages/my_py_pkg-0.0.0-py3.10.egg-info
[1.603s] running install_scripts
[1.635s] writing list of installed files to '/home/phongdang/ros2_example/build/my_py_pkg/install.log'
[1.684s] Invoked command in '/home/phongdang/ros2_example/src/my_py_pkg' returned '0': PYTHONPATH=/home/phongdang/ros2_example/build/my_py_pkg/prefix_override:/home/phongdang/ros2_example/install/my_py_pkg/lib/python3.10/site-packages:${PYTHONPATH} /usr/bin/python3 setup.py egg_info --egg-base ../../build/my_py_pkg build --build-base /home/phongdang/ros2_example/build/my_py_pkg/build install --record /home/phongdang/ros2_example/build/my_py_pkg/install.log --single-version-externally-managed
